INFO - 📸 Loading Sudoku from: /Users/inigo/Repositorios/AISudokuSolver/inputs/easy.jpg
INFO - 
🧩 Extracted Sudoku Board:
3 . 5 | . 8 4 | 9 . 2 
. 2 9 | 1 6 3 | . 5 8 
7 8 1 | . . . | 3 4 6 
---------------------
. . . | 2 4 9 | . . . 
1 9 . | . 7 8 | 4 6 3 
5 . . | 6 . . | . 7 . 
---------------------
9 7 . | 3 . 6 | . 2 4 
8 1 3 | . . 2 | 6 9 . 
. . 4 | . . 7 | 5 3 1 

✏️  Do you want to edit any cell? (y/n): Enter cell coordinates to edit (format: row,col — example: 0,6): Enter digit to assign (1–9), or 0 to clear the cell: INFO - ✅ Cell updated successfully.
3 . 6 | . 8 4 | 9 . 2 
. 2 9 | 1 6 3 | . 5 8 
7 8 1 | . . . | 3 4 6 
---------------------
. . . | 2 4 9 | . . . 
1 9 . | . 7 8 | 4 6 3 
5 . . | 6 . . | . 7 . 
---------------------
9 7 . | 3 . 6 | . 2 4 
8 1 3 | . . 2 | 6 9 . 
. . 4 | . . 7 | 5 3 1 

✏️  Do you want to edit any cell? (y/n): Enter cell coordinates to edit (format: row,col — example: 0,6): Enter digit to assign (1–9), or 0 to clear the cell: INFO - ✅ Cell updated successfully.
3 . 6 | . 8 4 | 9 . 2 
. 2 9 | 1 6 3 | . 5 8 
7 8 1 | . . . | 3 4 6 
---------------------
. . . | 2 4 9 | . . . 
1 9 . | . 7 8 | 4 6 3 
5 . . | 6 . . | . 7 . 
---------------------
9 7 . | 3 . 6 | . 2 4 
8 1 3 | . . 2 | 6 9 7 
. . 4 | . . 7 | 5 3 1 

✏️  Do you want to edit any cell? (y/n): INFO - 
🧠 Solving with logic-based solver...
3 . 6 | . 8 4 | 9 . 2 
. 2 9 | 1 6 3 | . 5 8 
7 8 1 | . . . | 3 4 6 
---------------------
. . . | 2 4 9 | . . . 
1 9 . | . 7 8 | 4 6 3 
5 . . | 6 . . | . 7 . 
---------------------
9 7 . | 3 . 6 | . 2 4 
8 1 3 | . . 2 | 6 9 7 
. . 4 | . . 7 | 5 3 1 
DEBUG -   ➤ Testing 5 at (0,1)
DEBUG - ✅ Placed 5 at (0,1) [Step 1]
DEBUG -   ➤ Testing 7 at (0,3)
DEBUG - ✅ Placed 7 at (0,3) [Step 2]
DEBUG -   ➤ Testing 1 at (0,7)
DEBUG - ✅ Placed 1 at (0,7) [Step 3]
DEBUG -   ➤ Testing 4 at (1,0)
DEBUG - ✅ Placed 4 at (1,0) [Step 4]
DEBUG -   ➤ Testing 7 at (1,6)
DEBUG - ✅ Placed 7 at (1,6) [Step 5]
DEBUG -   ➤ Testing 5 at (2,5)
DEBUG - ✅ Placed 5 at (2,5) [Step 6]
DEBUG -   ➤ Testing 9 at (2,3)
DEBUG - ✅ Placed 9 at (2,3) [Step 7]
DEBUG -   ➤ Testing 2 at (2,4)
DEBUG - ✅ Placed 2 at (2,4) [Step 8]
DEBUG -   ➤ Testing 6 at (3,0)
DEBUG - ✅ Placed 6 at (3,0) [Step 9]
DEBUG -   ➤ Testing 3 at (3,1)
DEBUG - ✅ Placed 3 at (3,1) [Step 10]
DEBUG -   ➤ Testing 8 at (3,7)
DEBUG - ✅ Placed 8 at (3,7) [Step 11]
DEBUG -   ➤ Testing 7 at (3,2)
DEBUG - ✅ Placed 7 at (3,2) [Step 12]
DEBUG -   ➤ Testing 1 at (3,6)
DEBUG - ✅ Placed 1 at (3,6) [Step 13]
DEBUG -   ➤ Testing 5 at (3,8)
DEBUG - ✅ Placed 5 at (3,8) [Step 14]
DEBUG -   ➤ Testing 2 at (4,2)
DEBUG - ✅ Placed 2 at (4,2) [Step 15]
DEBUG -   ➤ Testing 5 at (4,3)
DEBUG - ✅ Placed 5 at (4,3) [Step 16]
DEBUG -   ➤ Testing 4 at (5,1)
DEBUG - ✅ Placed 4 at (5,1) [Step 17]
DEBUG -   ➤ Testing 8 at (5,2)
DEBUG - ✅ Placed 8 at (5,2) [Step 18]
DEBUG -   ➤ Testing 1 at (5,5)
DEBUG - ✅ Placed 1 at (5,5) [Step 19]
DEBUG -   ➤ Testing 3 at (5,4)
DEBUG - ✅ Placed 3 at (5,4) [Step 20]
DEBUG -   ➤ Testing 2 at (5,6)
DEBUG - ✅ Placed 2 at (5,6) [Step 21]
DEBUG -   ➤ Testing 9 at (5,8)
DEBUG - ✅ Placed 9 at (5,8) [Step 22]
DEBUG -   ➤ Testing 5 at (6,2)
DEBUG - ✅ Placed 5 at (6,2) [Step 23]
DEBUG -   ➤ Testing 1 at (6,4)
DEBUG - ✅ Placed 1 at (6,4) [Step 24]
DEBUG -   ➤ Testing 8 at (6,6)
DEBUG - ✅ Placed 8 at (6,6) [Step 25]
DEBUG -   ➤ Testing 4 at (7,3)
DEBUG - ✅ Placed 4 at (7,3) [Step 26]
DEBUG -   ➤ Testing 5 at (7,4)
DEBUG - ✅ Placed 5 at (7,4) [Step 27]
DEBUG -   ➤ Testing 2 at (8,0)
DEBUG - ✅ Placed 2 at (8,0) [Step 28]
DEBUG -   ➤ Testing 6 at (8,1)
DEBUG - ✅ Placed 6 at (8,1) [Step 29]
DEBUG -   ➤ Testing 8 at (8,3)
DEBUG - ✅ Placed 8 at (8,3) [Step 30]
DEBUG -   ➤ Testing 9 at (8,4)
DEBUG - ✅ Placed 9 at (8,4) [Step 31]
INFO - 🧠 Steps taken: 31
INFO - ⏱️ Time taken: 0.0110 seconds
INFO - 
✅ Logic Solver: Puzzle solved!
3 5 6 | 7 8 4 | 9 1 2 
4 2 9 | 1 6 3 | 7 5 8 
7 8 1 | 9 2 5 | 3 4 6 
---------------------
6 3 7 | 2 4 9 | 1 8 5 
1 9 2 | 5 7 8 | 4 6 3 
5 4 8 | 6 3 1 | 2 7 9 
---------------------
9 7 5 | 3 1 6 | 8 2 4 
8 1 3 | 4 5 2 | 6 9 7 
2 6 4 | 8 9 7 | 5 3 1 
INFO - 🧾 Final trace saved to: outputs/easy_solution_trace.json
